[2018-03-02 18:00:28] local.ERROR: No application encryption key has been specified. {"exception":"[object] (RuntimeException(code: 0): No application encryption key has been specified. at /var/www/html/adeneu.pro/vendor/laravel/framework/src/Illuminate/Encryption/EncryptionServiceProvider.php:42)
[stacktrace]
#0 /var/www/html/adeneu.pro/vendor/laravel/framework/src/Illuminate/Support/helpers.php(1035): Illuminate\\Encryption\\EncryptionServiceProvider->Illuminate\\Encryption\\{closure}('')
#1 /var/www/html/adeneu.pro/vendor/laravel/framework/src/Illuminate/Encryption/EncryptionServiceProvider.php(46): tap('', Object(Closure))
#2 /var/www/html/adeneu.pro/vendor/laravel/framework/src/Illuminate/Encryption/EncryptionServiceProvider.php(24): Illuminate\\Encryption\\EncryptionServiceProvider->key(Array)
#3 /var/www/html/adeneu.pro/vendor/laravel/framework/src/Illuminate/Container/Container.php(749): Illuminate\\Encryption\\EncryptionServiceProvider->Illuminate\\Encryption\\{closure}(Object(Illuminate\\Foundation\\Application), Array)
#4 /var/www/html/adeneu.pro/vendor/laravel/framework/src/Illuminate/Container/Container.php(631): Illuminate\\Container\\Container->build(Object(Closure))
#5 /var/www/html/adeneu.pro/vendor/laravel/framework/src/Illuminate/Container/Container.php(586): Illuminate\\Container\\Container->resolve('encrypter', Array)
#6 /var/www/html/adeneu.pro/vendor/laravel/framework/src/Illuminate/Foundation/Application.php(732): Illuminate\\Container\\Container->make('encrypter', Array)
#7 /var/www/html/adeneu.pro/vendor/laravel/framework/src/Illuminate/Container/Container.php(885): Illuminate\\Foundation\\Application->make('encrypter')
#8 /var/www/html/adeneu.pro/vendor/laravel/framework/src/Illuminate/Container/Container.php(813): Illuminate\\Container\\Container->resolveClass(Object(ReflectionParameter))
#9 /var/www/html/adeneu.pro/vendor/laravel/framework/src/Illuminate/Container/Container.php(780): Illuminate\\Container\\Container->resolveDependencies(Array)
#10 /var/www/html/adeneu.pro/vendor/laravel/framework/src/Illuminate/Container/Container.php(631): Illuminate\\Container\\Container->build('App\\\\Http\\\\Middle...')
#11 /var/www/html/adeneu.pro/vendor/laravel/framework/src/Illuminate/Container/Container.php(586): Illuminate\\Container\\Container->resolve('App\\\\Http\\\\Middle...', Array)
#12 /var/www/html/adeneu.pro/vendor/laravel/framework/src/Illuminate/Foundation/Application.php(732): Illuminate\\Container\\Container->make('App\\\\Http\\\\Middle...', Array)
#13 /var/www/html/adeneu.pro/vendor/laravel/framework/src/Illuminate/Pipeline/Pipeline.php(138): Illuminate\\Foundation\\Application->make('App\\\\Http\\\\Middle...')
#14 /var/www/html/adeneu.pro/vendor/laravel/framework/src/Illuminate/Routing/Pipeline.php(53): Illuminate\\Pipeline\\Pipeline->Illuminate\\Pipeline\\{closure}(Object(Illuminate\\Http\\Request))
#15 /var/www/html/adeneu.pro/vendor/laravel/framework/src/Illuminate/Pipeline/Pipeline.php(102): Illuminate\\Routing\\Pipeline->Illuminate\\Routing\\{closure}(Object(Illuminate\\Http\\Request))
#16 /var/www/html/adeneu.pro/vendor/laravel/framework/src/Illuminate/Routing/Router.php(660): Illuminate\\Pipeline\\Pipeline->then(Object(Closure))
#17 /var/www/html/adeneu.pro/vendor/laravel/framework/src/Illuminate/Routing/Router.php(635): Illuminate\\Routing\\Router->runRouteWithinStack(Object(Illuminate\\Routing\\Route), Object(Illuminate\\Http\\Request))
#18 /var/www/html/adeneu.pro/vendor/laravel/framework/src/Illuminate/Routing/Router.php(601): Illuminate\\Routing\\Router->runRoute(Object(Illuminate\\Http\\Request), Object(Illuminate\\Routing\\Route))
#19 /var/www/html/adeneu.pro/vendor/laravel/framework/src/Illuminate/Routing/Router.php(590): Illuminate\\Routing\\Router->dispatchToRoute(Object(Illuminate\\Http\\Request))
#20 /var/www/html/adeneu.pro/vendor/laravel/framework/src/Illuminate/Foundation/Http/Kernel.php(176): Illuminate\\Routing\\Router->dispatch(Object(Illuminate\\Http\\Request))
#21 /var/www/html/adeneu.pro/vendor/laravel/framework/src/Illuminate/Routing/Pipeline.php(30): Illuminate\\Foundation\\Http\\Kernel->Illuminate\\Foundation\\Http\\{closure}(Object(Illuminate\\Http\\Request))
#22 /var/www/html/adeneu.pro/vendor/laravel/framework/src/Illuminate/Foundation/Http/Middleware/TransformsRequest.php(30): Illuminate\\Routing\\Pipeline->Illuminate\\Routing\\{closure}(Object(Illuminate\\Http\\Request))
#23 /var/www/html/adeneu.pro/vendor/laravel/framework/src/Illuminate/Pipeline/Pipeline.php(149): Illuminate\\Foundation\\Http\\Middleware\\TransformsRequest->handle(Object(Illuminate\\Http\\Request), Object(Closure))
#24 /var/www/html/adeneu.pro/vendor/laravel/framework/src/Illuminate/Routing/Pipeline.php(53): Illuminate\\Pipeline\\Pipeline->Illuminate\\Pipeline\\{closure}(Object(Illuminate\\Http\\Request))
#25 /var/www/html/adeneu.pro/vendor/laravel/framework/src/Illuminate/Foundation/Http/Middleware/TransformsRequest.php(30): Illuminate\\Routing\\Pipeline->Illuminate\\Routing\\{closure}(Object(Illuminate\\Http\\Request))
#26 /var/www/html/adeneu.pro/vendor/laravel/framework/src/Illuminate/Pipeline/Pipeline.php(149): Illuminate\\Foundation\\Http\\Middleware\\TransformsRequest->handle(Object(Illuminate\\Http\\Request), Object(Closure))
#27 /var/www/html/adeneu.pro/vendor/laravel/framework/src/Illuminate/Routing/Pipeline.php(53): Illuminate\\Pipeline\\Pipeline->Illuminate\\Pipeline\\{closure}(Object(Illuminate\\Http\\Request))
#28 /var/www/html/adeneu.pro/vendor/laravel/framework/src/Illuminate/Foundation/Http/Middleware/ValidatePostSize.php(27): Illuminate\\Routing\\Pipeline->Illuminate\\Routing\\{closure}(Object(Illuminate\\Http\\Request))
#29 /var/www/html/adeneu.pro/vendor/laravel/framework/src/Illuminate/Pipeline/Pipeline.php(149): Illuminate\\Foundation\\Http\\Middleware\\ValidatePostSize->handle(Object(Illuminate\\Http\\Request), Object(Closure))
#30 /var/www/html/adeneu.pro/vendor/laravel/framework/src/Illuminate/Routing/Pipeline.php(53): Illuminate\\Pipeline\\Pipeline->Illuminate\\Pipeline\\{closure}(Object(Illuminate\\Http\\Request))
#31 /var/www/html/adeneu.pro/vendor/laravel/framework/src/Illuminate/Foundation/Http/Middleware/CheckForMaintenanceMode.php(46): Illuminate\\Routing\\Pipeline->Illuminate\\Routing\\{closure}(Object(Illuminate\\Http\\Request))
#32 /var/www/html/adeneu.pro/vendor/laravel/framework/src/Illuminate/Pipeline/Pipeline.php(149): Illuminate\\Foundation\\Http\\Middleware\\CheckForMaintenanceMode->handle(Object(Illuminate\\Http\\Request), Object(Closure))
#33 /var/www/html/adeneu.pro/vendor/laravel/framework/src/Illuminate/Routing/Pipeline.php(53): Illuminate\\Pipeline\\Pipeline->Illuminate\\Pipeline\\{closure}(Object(Illuminate\\Http\\Request))
#34 /var/www/html/adeneu.pro/vendor/laravel/framework/src/Illuminate/Pipeline/Pipeline.php(102): Illuminate\\Routing\\Pipeline->Illuminate\\Routing\\{closure}(Object(Illuminate\\Http\\Request))
#35 /var/www/html/adeneu.pro/vendor/laravel/framework/src/Illuminate/Foundation/Http/Kernel.php(151): Illuminate\\Pipeline\\Pipeline->then(Object(Closure))
#36 /var/www/html/adeneu.pro/vendor/laravel/framework/src/Illuminate/Foundation/Http/Kernel.php(116): Illuminate\\Foundation\\Http\\Kernel->sendRequestThroughRouter(Object(Illuminate\\Http\\Request))
#37 /var/www/html/adeneu.pro/public/index.php(53): Illuminate\\Foundation\\Http\\Kernel->handle(Object(Illuminate\\Http\\Request))
#38 {main}
"} 
[2018-03-02 18:00:28] local.ERROR: No application encryption key has been specified. {"exception":"[object] (RuntimeException(code: 0): No application encryption key has been specified. at /var/www/html/adeneu.pro/vendor/laravel/framework/src/Illuminate/Encryption/EncryptionServiceProvider.php:42)
[stacktrace]
#0 /var/www/html/adeneu.pro/vendor/laravel/framework/src/Illuminate/Support/helpers.php(1035): Illuminate\\Encryption\\EncryptionServiceProvider->Illuminate\\Encryption\\{closure}('')
#1 /var/www/html/adeneu.pro/vendor/laravel/framework/src/Illuminate/Encryption/EncryptionServiceProvider.php(46): tap('', Object(Closure))
#2 /var/www/html/adeneu.pro/vendor/laravel/framework/src/Illuminate/Encryption/EncryptionServiceProvider.php(24): Illuminate\\Encryption\\EncryptionServiceProvider->key(Array)
#3 /var/www/html/adeneu.pro/vendor/laravel/framework/src/Illuminate/Container/Container.php(749): Illuminate\\Encryption\\EncryptionServiceProvider->Illuminate\\Encryption\\{closure}(Object(Illuminate\\Foundation\\Application), Array)
#4 /var/www/html/adeneu.pro/vendor/laravel/framework/src/Illuminate/Container/Container.php(631): Illuminate\\Container\\Container->build(Object(Closure))
#5 /var/www/html/adeneu.pro/vendor/laravel/framework/src/Illuminate/Container/Container.php(586): Illuminate\\Container\\Container->resolve('encrypter', Array)
#6 /var/www/html/adeneu.pro/vendor/laravel/framework/src/Illuminate/Foundation/Application.php(732): Illuminate\\Container\\Container->make('encrypter', Array)
#7 /var/www/html/adeneu.pro/vendor/laravel/framework/src/Illuminate/Container/Container.php(885): Illuminate\\Foundation\\Application->make('encrypter')
#8 /var/www/html/adeneu.pro/vendor/laravel/framework/src/Illuminate/Container/Container.php(813): Illuminate\\Container\\Container->resolveClass(Object(ReflectionParameter))
#9 /var/www/html/adeneu.pro/vendor/laravel/framework/src/Illuminate/Container/Container.php(780): Illuminate\\Container\\Container->resolveDependencies(Array)
#10 /var/www/html/adeneu.pro/vendor/laravel/framework/src/Illuminate/Container/Container.php(631): Illuminate\\Container\\Container->build('App\\\\Http\\\\Middle...')
#11 /var/www/html/adeneu.pro/vendor/laravel/framework/src/Illuminate/Container/Container.php(586): Illuminate\\Container\\Container->resolve('App\\\\Http\\\\Middle...', Array)
#12 /var/www/html/adeneu.pro/vendor/laravel/framework/src/Illuminate/Foundation/Application.php(732): Illuminate\\Container\\Container->make('App\\\\Http\\\\Middle...', Array)
#13 /var/www/html/adeneu.pro/vendor/laravel/framework/src/Illuminate/Foundation/Http/Kernel.php(215): Illuminate\\Foundation\\Application->make('App\\\\Http\\\\Middle...')
#14 /var/www/html/adeneu.pro/vendor/laravel/framework/src/Illuminate/Foundation/Http/Kernel.php(189): Illuminate\\Foundation\\Http\\Kernel->terminateMiddleware(Object(Illuminate\\Http\\Request), Object(Illuminate\\Http\\Response))
#15 /var/www/html/adeneu.pro/public/index.php(58): Illuminate\\Foundation\\Http\\Kernel->terminate(Object(Illuminate\\Http\\Request), Object(Illuminate\\Http\\Response))
#16 {main}
"} 
[2018-03-02 18:01:42] local.ERROR: Please provide a valid cache path. {"exception":"[object] (InvalidArgumentException(code: 0): Please provide a valid cache path. at /var/www/html/adeneu.pro/vendor/laravel/framework/src/Illuminate/View/Compilers/Compiler.php:36)
[stacktrace]
#0 /var/www/html/adeneu.pro/vendor/laravel/framework/src/Illuminate/View/ViewServiceProvider.php(141): Illuminate\\View\\Compilers\\Compiler->__construct(Object(Illuminate\\Filesystem\\Filesystem), false)
#1 /var/www/html/adeneu.pro/vendor/laravel/framework/src/Illuminate/Container/Container.php(749): Illuminate\\View\\ViewServiceProvider->Illuminate\\View\\{closure}(Object(Illuminate\\Foundation\\Application), Array)
#2 /var/www/html/adeneu.pro/vendor/laravel/framework/src/Illuminate/Container/Container.php(631): Illuminate\\Container\\Container->build(Object(Closure))
#3 /var/www/html/adeneu.pro/vendor/laravel/framework/src/Illuminate/Container/Container.php(586): Illuminate\\Container\\Container->resolve('blade.compiler', Array)
#4 /var/www/html/adeneu.pro/vendor/laravel/framework/src/Illuminate/Foundation/Application.php(732): Illuminate\\Container\\Container->make('blade.compiler', Array)
#5 /var/www/html/adeneu.pro/vendor/laravel/framework/src/Illuminate/Container/Container.php(1195): Illuminate\\Foundation\\Application->make('blade.compiler')
#6 /var/www/html/adeneu.pro/vendor/laravel/framework/src/Illuminate/View/ViewServiceProvider.php(146): Illuminate\\Container\\Container->offsetGet('blade.compiler')
#7 [internal function]: Illuminate\\View\\ViewServiceProvider->Illuminate\\View\\{closure}()
#8 /var/www/html/adeneu.pro/vendor/laravel/framework/src/Illuminate/View/Engines/EngineResolver.php(54): call_user_func(Object(Closure))
#9 /var/www/html/adeneu.pro/vendor/laravel/framework/src/Illuminate/View/Factory.php(284): Illuminate\\View\\Engines\\EngineResolver->resolve('blade')
#10 /var/www/html/adeneu.pro/vendor/laravel/framework/src/Illuminate/View/Factory.php(248): Illuminate\\View\\Factory->getEngineFromPath('/var/www/html/a...')
#11 /var/www/html/adeneu.pro/vendor/laravel/framework/src/Illuminate/View/Factory.php(136): Illuminate\\View\\Factory->viewInstance('index', '/var/www/html/a...', Array)
#12 /var/www/html/adeneu.pro/vendor/laravel/framework/src/Illuminate/Foundation/helpers.php(971): Illuminate\\View\\Factory->make('index', Array, Array)
#13 /var/www/html/adeneu.pro/routes/web.php(15): view('index')
#14 /var/www/html/adeneu.pro/vendor/laravel/framework/src/Illuminate/Routing/Route.php(198): Illuminate\\Routing\\Router->{closure}()
#15 /var/www/html/adeneu.pro/vendor/laravel/framework/src/Illuminate/Routing/Route.php(172): Illuminate\\Routing\\Route->runCallable()
#16 /var/www/html/adeneu.pro/vendor/laravel/framework/src/Illuminate/Routing/Router.php(658): Illuminate\\Routing\\Route->run()
#17 /var/www/html/adeneu.pro/vendor/laravel/framework/src/Illuminate/Routing/Pipeline.php(30): Illuminate\\Routing\\Router->Illuminate\\Routing\\{closure}(Object(Illuminate\\Http\\Request))
#18 /var/www/html/adeneu.pro/vendor/laravel/framework/src/Illuminate/Routing/Middleware/SubstituteBindings.php(41): Illuminate\\Routing\\Pipeline->Illuminate\\Routing\\{closure}(Object(Illuminate\\Http\\Request))
#19 /var/www/html/adeneu.pro/vendor/laravel/framework/src/Illuminate/Pipeline/Pipeline.php(149): Illuminate\\Routing\\Middleware\\SubstituteBindings->handle(Object(Illuminate\\Http\\Request), Object(Closure))
#20 /var/www/html/adeneu.pro/vendor/laravel/framework/src/Illuminate/Routing/Pipeline.php(53): Illuminate\\Pipeline\\Pipeline->Illuminate\\Pipeline\\{closure}(Object(Illuminate\\Http\\Request))
#21 /var/www/html/adeneu.pro/vendor/laravel/framework/src/Illuminate/Foundation/Http/Middleware/VerifyCsrfToken.php(67): Illuminate\\Routing\\Pipeline->Illuminate\\Routing\\{closure}(Object(Illuminate\\Http\\Request))
#22 /var/www/html/adeneu.pro/vendor/laravel/framework/src/Illuminate/Pipeline/Pipeline.php(149): Illuminate\\Foundation\\Http\\Middleware\\VerifyCsrfToken->handle(Object(Illuminate\\Http\\Request), Object(Closure))
#23 /var/www/html/adeneu.pro/vendor/laravel/framework/src/Illuminate/Routing/Pipeline.php(53): Illuminate\\Pipeline\\Pipeline->Illuminate\\Pipeline\\{closure}(Object(Illuminate\\Http\\Request))
#24 /var/www/html/adeneu.pro/vendor/laravel/framework/src/Illuminate/View/Middleware/ShareErrorsFromSession.php(49): Illuminate\\Routing\\Pipeline->Illuminate\\Routing\\{closure}(Object(Illuminate\\Http\\Request))
#25 /var/www/html/adeneu.pro/vendor/laravel/framework/src/Illuminate/Pipeline/Pipeline.php(149): Illuminate\\View\\Middleware\\ShareErrorsFromSession->handle(Object(Illuminate\\Http\\Request), Object(Closure))
#26 /var/www/html/adeneu.pro/vendor/laravel/framework/src/Illuminate/Routing/Pipeline.php(53): Illuminate\\Pipeline\\Pipeline->Illuminate\\Pipeline\\{closure}(Object(Illuminate\\Http\\Request))
#27 /var/www/html/adeneu.pro/vendor/laravel/framework/src/Illuminate/Session/Middleware/StartSession.php(63): Illuminate\\Routing\\Pipeline->Illuminate\\Routing\\{closure}(Object(Illuminate\\Http\\Request))
#28 /var/www/html/adeneu.pro/vendor/laravel/framework/src/Illuminate/Pipeline/Pipeline.php(149): Illuminate\\Session\\Middleware\\StartSession->handle(Object(Illuminate\\Http\\Request), Object(Closure))
#29 /var/www/html/adeneu.pro/vendor/laravel/framework/src/Illuminate/Routing/Pipeline.php(53): Illuminate\\Pipeline\\Pipeline->Illuminate\\Pipeline\\{closure}(Object(Illuminate\\Http\\Request))
#30 /var/www/html/adeneu.pro/vendor/laravel/framework/src/Illuminate/Cookie/Middleware/AddQueuedCookiesToResponse.php(37): Illuminate\\Routing\\Pipeline->Illuminate\\Routing\\{closure}(Object(Illuminate\\Http\\Request))
#31 /var/www/html/adeneu.pro/vendor/laravel/framework/src/Illuminate/Pipeline/Pipeline.php(149): Illuminate\\Cookie\\Middleware\\AddQueuedCookiesToResponse->handle(Object(Illuminate\\Http\\Request), Object(Closure))
#32 /var/www/html/adeneu.pro/vendor/laravel/framework/src/Illuminate/Routing/Pipeline.php(53): Illuminate\\Pipeline\\Pipeline->Illuminate\\Pipeline\\{closure}(Object(Illuminate\\Http\\Request))
#33 /var/www/html/adeneu.pro/vendor/laravel/framework/src/Illuminate/Cookie/Middleware/EncryptCookies.php(59): Illuminate\\Routing\\Pipeline->Illuminate\\Routing\\{closure}(Object(Illuminate\\Http\\Request))
#34 /var/www/html/adeneu.pro/vendor/laravel/framework/src/Illuminate/Pipeline/Pipeline.php(149): Illuminate\\Cookie\\Middleware\\EncryptCookies->handle(Object(Illuminate\\Http\\Request), Object(Closure))
#35 /var/www/html/adeneu.pro/vendor/laravel/framework/src/Illuminate/Routing/Pipeline.php(53): Illuminate\\Pipeline\\Pipeline->Illuminate\\Pipeline\\{closure}(Object(Illuminate\\Http\\Request))
#36 /var/www/html/adeneu.pro/vendor/laravel/framework/src/Illuminate/Pipeline/Pipeline.php(102): Illuminate\\Routing\\Pipeline->Illuminate\\Routing\\{closure}(Object(Illuminate\\Http\\Request))
#37 /var/www/html/adeneu.pro/vendor/laravel/framework/src/Illuminate/Routing/Router.php(660): Illuminate\\Pipeline\\Pipeline->then(Object(Closure))
#38 /var/www/html/adeneu.pro/vendor/laravel/framework/src/Illuminate/Routing/Router.php(635): Illuminate\\Routing\\Router->runRouteWithinStack(Object(Illuminate\\Routing\\Route), Object(Illuminate\\Http\\Request))
#39 /var/www/html/adeneu.pro/vendor/laravel/framework/src/Illuminate/Routing/Router.php(601): Illuminate\\Routing\\Router->runRoute(Object(Illuminate\\Http\\Request), Object(Illuminate\\Routing\\Route))
#40 /var/www/html/adeneu.pro/vendor/laravel/framework/src/Illuminate/Routing/Router.php(590): Illuminate\\Routing\\Router->dispatchToRoute(Object(Illuminate\\Http\\Request))
#41 /var/www/html/adeneu.pro/vendor/laravel/framework/src/Illuminate/Foundation/Http/Kernel.php(176): Illuminate\\Routing\\Router->dispatch(Object(Illuminate\\Http\\Request))
#42 /var/www/html/adeneu.pro/vendor/laravel/framework/src/Illuminate/Routing/Pipeline.php(30): Illuminate\\Foundation\\Http\\Kernel->Illuminate\\Foundation\\Http\\{closure}(Object(Illuminate\\Http\\Request))
#43 /var/www/html/adeneu.pro/vendor/laravel/framework/src/Illuminate/Foundation/Http/Middleware/TransformsRequest.php(30): Illuminate\\Routing\\Pipeline->Illuminate\\Routing\\{closure}(Object(Illuminate\\Http\\Request))
#44 /var/www/html/adeneu.pro/vendor/laravel/framework/src/Illuminate/Pipeline/Pipeline.php(149): Illuminate\\Foundation\\Http\\Middleware\\TransformsRequest->handle(Object(Illuminate\\Http\\Request), Object(Closure))
#45 /var/www/html/adeneu.pro/vendor/laravel/framework/src/Illuminate/Routing/Pipeline.php(53): Illuminate\\Pipeline\\Pipeline->Illuminate\\Pipeline\\{closure}(Object(Illuminate\\Http\\Request))
#46 /var/www/html/adeneu.pro/vendor/laravel/framework/src/Illuminate/Foundation/Http/Middleware/TransformsRequest.php(30): Illuminate\\Routing\\Pipeline->Illuminate\\Routing\\{closure}(Object(Illuminate\\Http\\Request))
#47 /var/www/html/adeneu.pro/vendor/laravel/framework/src/Illuminate/Pipeline/Pipeline.php(149): Illuminate\\Foundation\\Http\\Middleware\\TransformsRequest->handle(Object(Illuminate\\Http\\Request), Object(Closure))
#48 /var/www/html/adeneu.pro/vendor/laravel/framework/src/Illuminate/Routing/Pipeline.php(53): Illuminate\\Pipeline\\Pipeline->Illuminate\\Pipeline\\{closure}(Object(Illuminate\\Http\\Request))
#49 /var/www/html/adeneu.pro/vendor/laravel/framework/src/Illuminate/Foundation/Http/Middleware/ValidatePostSize.php(27): Illuminate\\Routing\\Pipeline->Illuminate\\Routing\\{closure}(Object(Illuminate\\Http\\Request))
#50 /var/www/html/adeneu.pro/vendor/laravel/framework/src/Illuminate/Pipeline/Pipeline.php(149): Illuminate\\Foundation\\Http\\Middleware\\ValidatePostSize->handle(Object(Illuminate\\Http\\Request), Object(Closure))
#51 /var/www/html/adeneu.pro/vendor/laravel/framework/src/Illuminate/Routing/Pipeline.php(53): Illuminate\\Pipeline\\Pipeline->Illuminate\\Pipeline\\{closure}(Object(Illuminate\\Http\\Request))
#52 /var/www/html/adeneu.pro/vendor/laravel/framework/src/Illuminate/Foundation/Http/Middleware/CheckForMaintenanceMode.php(46): Illuminate\\Routing\\Pipeline->Illuminate\\Routing\\{closure}(Object(Illuminate\\Http\\Request))
#53 /var/www/html/adeneu.pro/vendor/laravel/framework/src/Illuminate/Pipeline/Pipeline.php(149): Illuminate\\Foundation\\Http\\Middleware\\CheckForMaintenanceMode->handle(Object(Illuminate\\Http\\Request), Object(Closure))
#54 /var/www/html/adeneu.pro/vendor/laravel/framework/src/Illuminate/Routing/Pipeline.php(53): Illuminate\\Pipeline\\Pipeline->Illuminate\\Pipeline\\{closure}(Object(Illuminate\\Http\\Request))
#55 /var/www/html/adeneu.pro/vendor/laravel/framework/src/Illuminate/Pipeline/Pipeline.php(102): Illuminate\\Routing\\Pipeline->Illuminate\\Routing\\{closure}(Object(Illuminate\\Http\\Request))
#56 /var/www/html/adeneu.pro/vendor/laravel/framework/src/Illuminate/Foundation/Http/Kernel.php(151): Illuminate\\Pipeline\\Pipeline->then(Object(Closure))
#57 /var/www/html/adeneu.pro/vendor/laravel/framework/src/Illuminate/Foundation/Http/Kernel.php(116): Illuminate\\Foundation\\Http\\Kernel->sendRequestThroughRouter(Object(Illuminate\\Http\\Request))
#58 /var/www/html/adeneu.pro/public/index.php(53): Illuminate\\Foundation\\Http\\Kernel->handle(Object(Illuminate\\Http\\Request))
#59 {main}
"} 
[2018-03-02 18:01:42] local.ERROR: file_put_contents(/var/www/html/adeneu.pro/storage/framework/sessions/s97CqEspdwkEg4dz47J4m3waRfJ4Ar16Ug7QqTJq): failed to open stream: No such file or directory {"exception":"[object] (ErrorException(code: 0): file_put_contents(/var/www/html/adeneu.pro/storage/framework/sessions/s97CqEspdwkEg4dz47J4m3waRfJ4Ar16Ug7QqTJq): failed to open stream: No such file or directory at /var/www/html/adeneu.pro/vendor/laravel/framework/src/Illuminate/Filesystem/Filesystem.php:122)
[stacktrace]
#0 [internal function]: Illuminate\\Foundation\\Bootstrap\\HandleExceptions->handleError(2, 'file_put_conten...', '/var/www/html/a...', 122, Array)
#1 /var/www/html/adeneu.pro/vendor/laravel/framework/src/Illuminate/Filesystem/Filesystem.php(122): file_put_contents('/var/www/html/a...', 'a:3:{s:6:\"_toke...', 2)
#2 /var/www/html/adeneu.pro/vendor/laravel/framework/src/Illuminate/Session/FileSessionHandler.php(83): Illuminate\\Filesystem\\Filesystem->put('/var/www/html/a...', 'a:3:{s:6:\"_toke...', true)
#3 /var/www/html/adeneu.pro/vendor/laravel/framework/src/Illuminate/Session/Store.php(128): Illuminate\\Session\\FileSessionHandler->write('s97CqEspdwkEg4d...', 'a:3:{s:6:\"_toke...')
#4 /var/www/html/adeneu.pro/vendor/laravel/framework/src/Illuminate/Session/Middleware/StartSession.php(87): Illuminate\\Session\\Store->save()
#5 /var/www/html/adeneu.pro/vendor/laravel/framework/src/Illuminate/Foundation/Http/Kernel.php(218): Illuminate\\Session\\Middleware\\StartSession->terminate(Object(Illuminate\\Http\\Request), Object(Illuminate\\Http\\Response))
#6 /var/www/html/adeneu.pro/vendor/laravel/framework/src/Illuminate/Foundation/Http/Kernel.php(189): Illuminate\\Foundation\\Http\\Kernel->terminateMiddleware(Object(Illuminate\\Http\\Request), Object(Illuminate\\Http\\Response))
#7 /var/www/html/adeneu.pro/public/index.php(58): Illuminate\\Foundation\\Http\\Kernel->terminate(Object(Illuminate\\Http\\Request), Object(Illuminate\\Http\\Response))
#8 {main}
"} 
[2018-03-02 18:02:18] local.ERROR: Please provide a valid cache path. {"exception":"[object] (InvalidArgumentException(code: 0): Please provide a valid cache path. at /var/www/html/adeneu.pro/vendor/laravel/framework/src/Illuminate/View/Compilers/Compiler.php:36)
[stacktrace]
#0 /var/www/html/adeneu.pro/vendor/laravel/framework/src/Illuminate/View/ViewServiceProvider.php(141): Illuminate\\View\\Compilers\\Compiler->__construct(Object(Illuminate\\Filesystem\\Filesystem), false)
#1 /var/www/html/adeneu.pro/vendor/laravel/framework/src/Illuminate/Container/Container.php(749): Illuminate\\View\\ViewServiceProvider->Illuminate\\View\\{closure}(Object(Illuminate\\Foundation\\Application), Array)
#2 /var/www/html/adeneu.pro/vendor/laravel/framework/src/Illuminate/Container/Container.php(631): Illuminate\\Container\\Container->build(Object(Closure))
#3 /var/www/html/adeneu.pro/vendor/laravel/framework/src/Illuminate/Container/Container.php(586): Illuminate\\Container\\Container->resolve('blade.compiler', Array)
#4 /var/www/html/adeneu.pro/vendor/laravel/framework/src/Illuminate/Foundation/Application.php(732): Illuminate\\Container\\Container->make('blade.compiler', Array)
#5 /var/www/html/adeneu.pro/vendor/laravel/framework/src/Illuminate/Container/Container.php(1195): Illuminate\\Foundation\\Application->make('blade.compiler')
#6 /var/www/html/adeneu.pro/vendor/laravel/framework/src/Illuminate/View/ViewServiceProvider.php(146): Illuminate\\Container\\Container->offsetGet('blade.compiler')
#7 [internal function]: Illuminate\\View\\ViewServiceProvider->Illuminate\\View\\{closure}()
#8 /var/www/html/adeneu.pro/vendor/laravel/framework/src/Illuminate/View/Engines/EngineResolver.php(54): call_user_func(Object(Closure))
#9 /var/www/html/adeneu.pro/vendor/laravel/framework/src/Illuminate/View/Factory.php(284): Illuminate\\View\\Engines\\EngineResolver->resolve('blade')
#10 /var/www/html/adeneu.pro/vendor/laravel/framework/src/Illuminate/View/Factory.php(248): Illuminate\\View\\Factory->getEngineFromPath('/var/www/html/a...')
#11 /var/www/html/adeneu.pro/vendor/laravel/framework/src/Illuminate/View/Factory.php(136): Illuminate\\View\\Factory->viewInstance('index', '/var/www/html/a...', Array)
#12 /var/www/html/adeneu.pro/vendor/laravel/framework/src/Illuminate/Foundation/helpers.php(971): Illuminate\\View\\Factory->make('index', Array, Array)
#13 /var/www/html/adeneu.pro/routes/web.php(15): view('index')
#14 /var/www/html/adeneu.pro/vendor/laravel/framework/src/Illuminate/Routing/Route.php(198): Illuminate\\Routing\\Router->{closure}()
#15 /var/www/html/adeneu.pro/vendor/laravel/framework/src/Illuminate/Routing/Route.php(172): Illuminate\\Routing\\Route->runCallable()
#16 /var/www/html/adeneu.pro/vendor/laravel/framework/src/Illuminate/Routing/Router.php(658): Illuminate\\Routing\\Route->run()
#17 /var/www/html/adeneu.pro/vendor/laravel/framework/src/Illuminate/Routing/Pipeline.php(30): Illuminate\\Routing\\Router->Illuminate\\Routing\\{closure}(Object(Illuminate\\Http\\Request))
#18 /var/www/html/adeneu.pro/vendor/laravel/framework/src/Illuminate/Routing/Middleware/SubstituteBindings.php(41): Illuminate\\Routing\\Pipeline->Illuminate\\Routing\\{closure}(Object(Illuminate\\Http\\Request))
#19 /var/www/html/adeneu.pro/vendor/laravel/framework/src/Illuminate/Pipeline/Pipeline.php(149): Illuminate\\Routing\\Middleware\\SubstituteBindings->handle(Object(Illuminate\\Http\\Request), Object(Closure))
#20 /var/www/html/adeneu.pro/vendor/laravel/framework/src/Illuminate/Routing/Pipeline.php(53): Illuminate\\Pipeline\\Pipeline->Illuminate\\Pipeline\\{closure}(Object(Illuminate\\Http\\Request))
#21 /var/www/html/adeneu.pro/vendor/laravel/framework/src/Illuminate/Foundation/Http/Middleware/VerifyCsrfToken.php(67): Illuminate\\Routing\\Pipeline->Illuminate\\Routing\\{closure}(Object(Illuminate\\Http\\Request))
#22 /var/www/html/adeneu.pro/vendor/laravel/framework/src/Illuminate/Pipeline/Pipeline.php(149): Illuminate\\Foundation\\Http\\Middleware\\VerifyCsrfToken->handle(Object(Illuminate\\Http\\Request), Object(Closure))
#23 /var/www/html/adeneu.pro/vendor/laravel/framework/src/Illuminate/Routing/Pipeline.php(53): Illuminate\\Pipeline\\Pipeline->Illuminate\\Pipeline\\{closure}(Object(Illuminate\\Http\\Request))
#24 /var/www/html/adeneu.pro/vendor/laravel/framework/src/Illuminate/View/Middleware/ShareErrorsFromSession.php(49): Illuminate\\Routing\\Pipeline->Illuminate\\Routing\\{closure}(Object(Illuminate\\Http\\Request))
#25 /var/www/html/adeneu.pro/vendor/laravel/framework/src/Illuminate/Pipeline/Pipeline.php(149): Illuminate\\View\\Middleware\\ShareErrorsFromSession->handle(Object(Illuminate\\Http\\Request), Object(Closure))
#26 /var/www/html/adeneu.pro/vendor/laravel/framework/src/Illuminate/Routing/Pipeline.php(53): Illuminate\\Pipeline\\Pipeline->Illuminate\\Pipeline\\{closure}(Object(Illuminate\\Http\\Request))
#27 /var/www/html/adeneu.pro/vendor/laravel/framework/src/Illuminate/Session/Middleware/StartSession.php(63): Illuminate\\Routing\\Pipeline->Illuminate\\Routing\\{closure}(Object(Illuminate\\Http\\Request))
#28 /var/www/html/adeneu.pro/vendor/laravel/framework/src/Illuminate/Pipeline/Pipeline.php(149): Illuminate\\Session\\Middleware\\StartSession->handle(Object(Illuminate\\Http\\Request), Object(Closure))
#29 /var/www/html/adeneu.pro/vendor/laravel/framework/src/Illuminate/Routing/Pipeline.php(53): Illuminate\\Pipeline\\Pipeline->Illuminate\\Pipeline\\{closure}(Object(Illuminate\\Http\\Request))
#30 /var/www/html/adeneu.pro/vendor/laravel/framework/src/Illuminate/Cookie/Middleware/AddQueuedCookiesToResponse.php(37): Illuminate\\Routing\\Pipeline->Illuminate\\Routing\\{closure}(Object(Illuminate\\Http\\Request))
#31 /var/www/html/adeneu.pro/vendor/laravel/framework/src/Illuminate/Pipeline/Pipeline.php(149): Illuminate\\Cookie\\Middleware\\AddQueuedCookiesToResponse->handle(Object(Illuminate\\Http\\Request), Object(Closure))
#32 /var/www/html/adeneu.pro/vendor/laravel/framework/src/Illuminate/Routing/Pipeline.php(53): Illuminate\\Pipeline\\Pipeline->Illuminate\\Pipeline\\{closure}(Object(Illuminate\\Http\\Request))
#33 /var/www/html/adeneu.pro/vendor/laravel/framework/src/Illuminate/Cookie/Middleware/EncryptCookies.php(59): Illuminate\\Routing\\Pipeline->Illuminate\\Routing\\{closure}(Object(Illuminate\\Http\\Request))
#34 /var/www/html/adeneu.pro/vendor/laravel/framework/src/Illuminate/Pipeline/Pipeline.php(149): Illuminate\\Cookie\\Middleware\\EncryptCookies->handle(Object(Illuminate\\Http\\Request), Object(Closure))
#35 /var/www/html/adeneu.pro/vendor/laravel/framework/src/Illuminate/Routing/Pipeline.php(53): Illuminate\\Pipeline\\Pipeline->Illuminate\\Pipeline\\{closure}(Object(Illuminate\\Http\\Request))
#36 /var/www/html/adeneu.pro/vendor/laravel/framework/src/Illuminate/Pipeline/Pipeline.php(102): Illuminate\\Routing\\Pipeline->Illuminate\\Routing\\{closure}(Object(Illuminate\\Http\\Request))
#37 /var/www/html/adeneu.pro/vendor/laravel/framework/src/Illuminate/Routing/Router.php(660): Illuminate\\Pipeline\\Pipeline->then(Object(Closure))
#38 /var/www/html/adeneu.pro/vendor/laravel/framework/src/Illuminate/Routing/Router.php(635): Illuminate\\Routing\\Router->runRouteWithinStack(Object(Illuminate\\Routing\\Route), Object(Illuminate\\Http\\Request))
#39 /var/www/html/adeneu.pro/vendor/laravel/framework/src/Illuminate/Routing/Router.php(601): Illuminate\\Routing\\Router->runRoute(Object(Illuminate\\Http\\Request), Object(Illuminate\\Routing\\Route))
#40 /var/www/html/adeneu.pro/vendor/laravel/framework/src/Illuminate/Routing/Router.php(590): Illuminate\\Routing\\Router->dispatchToRoute(Object(Illuminate\\Http\\Request))
#41 /var/www/html/adeneu.pro/vendor/laravel/framework/src/Illuminate/Foundation/Http/Kernel.php(176): Illuminate\\Routing\\Router->dispatch(Object(Illuminate\\Http\\Request))
#42 /var/www/html/adeneu.pro/vendor/laravel/framework/src/Illuminate/Routing/Pipeline.php(30): Illuminate\\Foundation\\Http\\Kernel->Illuminate\\Foundation\\Http\\{closure}(Object(Illuminate\\Http\\Request))
#43 /var/www/html/adeneu.pro/vendor/laravel/framework/src/Illuminate/Foundation/Http/Middleware/TransformsRequest.php(30): Illuminate\\Routing\\Pipeline->Illuminate\\Routing\\{closure}(Object(Illuminate\\Http\\Request))
#44 /var/www/html/adeneu.pro/vendor/laravel/framework/src/Illuminate/Pipeline/Pipeline.php(149): Illuminate\\Foundation\\Http\\Middleware\\TransformsRequest->handle(Object(Illuminate\\Http\\Request), Object(Closure))
#45 /var/www/html/adeneu.pro/vendor/laravel/framework/src/Illuminate/Routing/Pipeline.php(53): Illuminate\\Pipeline\\Pipeline->Illuminate\\Pipeline\\{closure}(Object(Illuminate\\Http\\Request))
#46 /var/www/html/adeneu.pro/vendor/laravel/framework/src/Illuminate/Foundation/Http/Middleware/TransformsRequest.php(30): Illuminate\\Routing\\Pipeline->Illuminate\\Routing\\{closure}(Object(Illuminate\\Http\\Request))
#47 /var/www/html/adeneu.pro/vendor/laravel/framework/src/Illuminate/Pipeline/Pipeline.php(149): Illuminate\\Foundation\\Http\\Middleware\\TransformsRequest->handle(Object(Illuminate\\Http\\Request), Object(Closure))
#48 /var/www/html/adeneu.pro/vendor/laravel/framework/src/Illuminate/Routing/Pipeline.php(53): Illuminate\\Pipeline\\Pipeline->Illuminate\\Pipeline\\{closure}(Object(Illuminate\\Http\\Request))
#49 /var/www/html/adeneu.pro/vendor/laravel/framework/src/Illuminate/Foundation/Http/Middleware/ValidatePostSize.php(27): Illuminate\\Routing\\Pipeline->Illuminate\\Routing\\{closure}(Object(Illuminate\\Http\\Request))
#50 /var/www/html/adeneu.pro/vendor/laravel/framework/src/Illuminate/Pipeline/Pipeline.php(149): Illuminate\\Foundation\\Http\\Middleware\\ValidatePostSize->handle(Object(Illuminate\\Http\\Request), Object(Closure))
#51 /var/www/html/adeneu.pro/vendor/laravel/framework/src/Illuminate/Routing/Pipeline.php(53): Illuminate\\Pipeline\\Pipeline->Illuminate\\Pipeline\\{closure}(Object(Illuminate\\Http\\Request))
#52 /var/www/html/adeneu.pro/vendor/laravel/framework/src/Illuminate/Foundation/Http/Middleware/CheckForMaintenanceMode.php(46): Illuminate\\Routing\\Pipeline->Illuminate\\Routing\\{closure}(Object(Illuminate\\Http\\Request))
#53 /var/www/html/adeneu.pro/vendor/laravel/framework/src/Illuminate/Pipeline/Pipeline.php(149): Illuminate\\Foundation\\Http\\Middleware\\CheckForMaintenanceMode->handle(Object(Illuminate\\Http\\Request), Object(Closure))
#54 /var/www/html/adeneu.pro/vendor/laravel/framework/src/Illuminate/Routing/Pipeline.php(53): Illuminate\\Pipeline\\Pipeline->Illuminate\\Pipeline\\{closure}(Object(Illuminate\\Http\\Request))
#55 /var/www/html/adeneu.pro/vendor/laravel/framework/src/Illuminate/Pipeline/Pipeline.php(102): Illuminate\\Routing\\Pipeline->Illuminate\\Routing\\{closure}(Object(Illuminate\\Http\\Request))
#56 /var/www/html/adeneu.pro/vendor/laravel/framework/src/Illuminate/Foundation/Http/Kernel.php(151): Illuminate\\Pipeline\\Pipeline->then(Object(Closure))
#57 /var/www/html/adeneu.pro/vendor/laravel/framework/src/Illuminate/Foundation/Http/Kernel.php(116): Illuminate\\Foundation\\Http\\Kernel->sendRequestThroughRouter(Object(Illuminate\\Http\\Request))
#58 /var/www/html/adeneu.pro/public/index.php(53): Illuminate\\Foundation\\Http\\Kernel->handle(Object(Illuminate\\Http\\Request))
#59 {main}
"} 
[2018-03-02 18:02:18] local.ERROR: file_put_contents(/var/www/html/adeneu.pro/storage/framework/sessions/s97CqEspdwkEg4dz47J4m3waRfJ4Ar16Ug7QqTJq): failed to open stream: No such file or directory {"exception":"[object] (ErrorException(code: 0): file_put_contents(/var/www/html/adeneu.pro/storage/framework/sessions/s97CqEspdwkEg4dz47J4m3waRfJ4Ar16Ug7QqTJq): failed to open stream: No such file or directory at /var/www/html/adeneu.pro/vendor/laravel/framework/src/Illuminate/Filesystem/Filesystem.php:122)
[stacktrace]
#0 [internal function]: Illuminate\\Foundation\\Bootstrap\\HandleExceptions->handleError(2, 'file_put_conten...', '/var/www/html/a...', 122, Array)
#1 /var/www/html/adeneu.pro/vendor/laravel/framework/src/Illuminate/Filesystem/Filesystem.php(122): file_put_contents('/var/www/html/a...', 'a:3:{s:6:\"_toke...', 2)
#2 /var/www/html/adeneu.pro/vendor/laravel/framework/src/Illuminate/Session/FileSessionHandler.php(83): Illuminate\\Filesystem\\Filesystem->put('/var/www/html/a...', 'a:3:{s:6:\"_toke...', true)
#3 /var/www/html/adeneu.pro/vendor/laravel/framework/src/Illuminate/Session/Store.php(128): Illuminate\\Session\\FileSessionHandler->write('s97CqEspdwkEg4d...', 'a:3:{s:6:\"_toke...')
#4 /var/www/html/adeneu.pro/vendor/laravel/framework/src/Illuminate/Session/Middleware/StartSession.php(87): Illuminate\\Session\\Store->save()
#5 /var/www/html/adeneu.pro/vendor/laravel/framework/src/Illuminate/Foundation/Http/Kernel.php(218): Illuminate\\Session\\Middleware\\StartSession->terminate(Object(Illuminate\\Http\\Request), Object(Illuminate\\Http\\Response))
#6 /var/www/html/adeneu.pro/vendor/laravel/framework/src/Illuminate/Foundation/Http/Kernel.php(189): Illuminate\\Foundation\\Http\\Kernel->terminateMiddleware(Object(Illuminate\\Http\\Request), Object(Illuminate\\Http\\Response))
#7 /var/www/html/adeneu.pro/public/index.php(58): Illuminate\\Foundation\\Http\\Kernel->terminate(Object(Illuminate\\Http\\Request), Object(Illuminate\\Http\\Response))
#8 {main}
"} 
